<?xml version="1.0" encoding="UTF-8"?>
<!-- Generated by org.testng.reporters.JUnitXMLReporter -->
<testsuite ignored="2" hostname="IslamAminPc" failures="0" tests="0" time="10.879" errors="0" timestamp="2025-12-07T12:36:18 CST">
  <testcase classname="TestCases.SmokeTest" name="Try_all_Buttons" time="0.0">
    <ignored/>
  </testcase> <!-- Try_all_Buttons -->
  <testcase classname="TestCases.SmokeTest" name="Verify_Home_Page_P" time="0.0">
    <ignored/>
  </testcase> <!-- Verify_Home_Page_P -->
</testsuite>
