<?xml version="1.0" encoding="UTF-8"?>
<testng-results ignored="0" total="0" passed="0" failed="0" skipped="0">
  <reporter-output>
  </reporter-output>
  <suite started-at="2025-12-07T12:36:07 CST" name="Swag Labs" finished-at="2025-12-07T12:36:18 CST" duration-ms="10879">
    <groups>
    </groups>
    <test started-at="2025-12-07T12:36:07 CST" name="Login" finished-at="2025-12-07T12:36:18 CST" duration-ms="10879">
      <class name="TestCases.SmokeTest">
        <test-method is-config="true" signature="defineSuiteElements()[pri:0, instance:TestCases.SmokeTest@5bcde458]" started-at="2025-12-07T12:36:06 CST" name="defineSuiteElements" finished-at="2025-12-07T12:36:07 CST" duration-ms="553" status="PASS">
          <reporter-output>
          </reporter-output>
        </test-method> <!-- defineSuiteElements -->
        <test-method is-config="true" signature="setupDriver(java.lang.String)[pri:0, instance:TestCases.SmokeTest@5bcde458]" started-at="2025-12-07T12:36:07 CST" name="setupDriver" finished-at="2025-12-07T12:36:17 CST" duration-ms="9844" status="PASS">
          <params>
            <param index="0">
              <value>
                <![CDATA[chrome]]>
              </value>
            </param>
          </params>
          <reporter-output>
          </reporter-output>
        </test-method> <!-- setupDriver -->
        <test-method is-config="true" signature="quit()[pri:0, instance:TestCases.SmokeTest@5bcde458]" started-at="2025-12-07T12:36:17 CST" name="quit" finished-at="2025-12-07T12:36:18 CST" duration-ms="305" status="PASS">
          <reporter-output>
          </reporter-output>
        </test-method> <!-- quit -->
        <test-method is-config="true" signature="tearDown()[pri:0, instance:TestCases.SmokeTest@5bcde458]" started-at="2025-12-07T12:36:18 CST" name="tearDown" finished-at="2025-12-07T12:36:19 CST" duration-ms="527" status="PASS">
          <reporter-output>
          </reporter-output>
        </test-method> <!-- tearDown -->
      </class> <!-- TestCases.SmokeTest -->
    </test> <!-- Login -->
  </suite> <!-- Swag Labs -->
</testng-results>
